<?xml version="1.0" encoding="UTF-8"?>
<!-- Generated by org.testng.reporters.JUnitReportReporter -->
<testsuite hostname="DESKTOP-T55GMK3" failures="0" tests="3" name="mercaritestscenarios.Scenario1" time="4.440" errors="0" timestamp="2023-08-20T16:03:07 IST" skipped="0">
  <testcase classname="mercaritestscenarios.Scenario1" name="VerifyTier1Category" time="4.289"/>
  <testcase classname="mercaritestscenarios.Scenario1" name="VerifyTier2Category" time="0.103"/>
  <testcase classname="mercaritestscenarios.Scenario1" name="VerifyTier3Category" time="0.048"/>
</testsuite> <!-- mercaritestscenarios.Scenario1 -->
