<?xml version="1.0" encoding="UTF-8"?>
<!-- Generated by org.testng.reporters.JUnitReportReporter -->
<testsuite hostname="DESKTOP-T55GMK3" failures="0" tests="7" name="testscenarios.Scenario2" time="46.320" errors="0" timestamp="2023-08-20T20:20:08 IST" skipped="0">
  <testcase classname="testscenarios.Scenario2" name="VerifyTier1Category" time="2.246"/>
  <testcase classname="testscenarios.Scenario2" name="VerifyTier2Category" time="0.154"/>
  <testcase classname="testscenarios.Scenario2" name="VerifyTier3Category" time="0.078"/>
  <testcase classname="testscenarios.Scenario2" name="Verify2BrowsingHistory" time="0.041"/>
  <testcase classname="testscenarios.Scenario2" name="VerifyLatestHistory1" time="10.048"/>
  <testcase classname="testscenarios.Scenario2" name="VerifySearchConditions" time="8.545"/>
  <testcase classname="testscenarios.Scenario2" name="Verify3BrowsingHistory" time="25.208"/>
</testsuite> <!-- testscenarios.Scenario2 -->
