<?xml version="1.0" encoding="UTF-8"?>
<!-- Generated by org.testng.reporters.JUnitReportReporter -->
<testsuite hostname="DESKTOP-T55GMK3" failures="0" tests="1" name="MercariTestScenarios.ExtentReport" time="1.380" errors="0" timestamp="2023-08-19T19:40:57 IST" skipped="0">
  <testcase classname="MercariTestScenarios.ExtentReport" name="ExtentTest" time="1.380"/>
</testsuite> <!-- MercariTestScenarios.ExtentReport -->
