<?xml version="1.0" encoding="UTF-8"?>
<!-- Generated by org.testng.reporters.JUnitReportReporter -->
<testsuite hostname="DESKTOP-T55GMK3" failures="0" tests="7" name="MercuryScenarios.Scenario2" time="58.764" errors="0" timestamp="2023-08-19T17:41:35 IST" skipped="0">
  <testcase classname="MercuryScenarios.Scenario2" name="VerifyTier1Category" time="8.986"/>
  <testcase classname="MercuryScenarios.Scenario2" name="VerifyTier2Category" time="0.102"/>
  <testcase classname="MercuryScenarios.Scenario2" name="VerifyTier3Category" time="0.094"/>
  <testcase classname="MercuryScenarios.Scenario2" name="Verify2BrowsingHistory" time="0.028"/>
  <testcase classname="MercuryScenarios.Scenario2" name="VerifyLatestHistory1" time="0.046"/>
  <testcase classname="MercuryScenarios.Scenario2" name="VerifySearchConditions" time="8.280"/>
  <testcase classname="MercuryScenarios.Scenario2" name="Verify3BrowsingHistory" time="41.228"/>
</testsuite> <!-- MercuryScenarios.Scenario2 -->
