<?xml version="1.0" encoding="UTF-8"?>
<!-- Generated by org.testng.reporters.JUnitReportReporter -->
<testsuite hostname="DESKTOP-T55GMK3" failures="0" tests="7" name="mercaritestscenarios.Scenario2" time="50.317" errors="0" timestamp="2023-08-20T16:28:02 IST" skipped="0">
  <testcase classname="mercaritestscenarios.Scenario2" name="VerifyTier1Category" time="6.162"/>
  <testcase classname="mercaritestscenarios.Scenario2" name="VerifyTier2Category" time="0.130"/>
  <testcase classname="mercaritestscenarios.Scenario2" name="VerifyTier3Category" time="0.078"/>
  <testcase classname="mercaritestscenarios.Scenario2" name="Verify2BrowsingHistory" time="0.024"/>
  <testcase classname="mercaritestscenarios.Scenario2" name="VerifyLatestHistory1" time="10.073"/>
  <testcase classname="mercaritestscenarios.Scenario2" name="VerifySearchConditions" time="8.559"/>
  <testcase classname="mercaritestscenarios.Scenario2" name="Verify3BrowsingHistory" time="25.291"/>
</testsuite> <!-- mercaritestscenarios.Scenario2 -->
