<?xml version="1.0" encoding="UTF-8"?>
<!-- Generated by org.testng.reporters.JUnitReportReporter -->
<testsuite hostname="DESKTOP-T55GMK3" failures="0" tests="3" name="MercuryScenario1.TestMercury" time="167.351" errors="0" timestamp="2023-08-18T17:04:57 IST" skipped="0">
  <testcase classname="MercuryScenario1.TestMercury" name="VerifyTier1Category" time="57.007"/>
  <testcase classname="MercuryScenario1.TestMercury" name="VerifyTier2Category" time="55.346"/>
  <testcase classname="MercuryScenario1.TestMercury" name="VerifyTier3Category" time="54.998"/>
</testsuite> <!-- MercuryScenario1.TestMercury -->
